2026-04-14 15:38:53,772 [INFO] ============================================================
2026-04-14 15:38:53,772 [INFO] ZENTRIK PHARMA ETL PIPELINE
2026-04-14 15:38:53,773 [INFO] Started: 2026-04-14 15:38:53
2026-04-14 15:38:53,783 [INFO] ============================================================
2026-04-14 15:38:53,783 [INFO] 
[STEP 1] EXTRACT
2026-04-14 15:38:54,319 [INFO] NumExpr defaulting to 12 threads.
2026-04-14 15:38:54,584 [INFO] ============================================================
2026-04-14 15:38:54,584 [INFO] EXTRACT PHASE — AdventureWorks DW
2026-04-14 15:38:54,587 [INFO] ============================================================
2026-04-14 15:38:54,940 [INFO]   dim_geography: 655 rows extracted
2026-04-14 15:38:54,953 [INFO]   dim_sales_territory: 11 rows extracted
2026-04-14 15:38:54,962 [INFO]   dim_product_category: 4 rows extracted
2026-04-14 15:38:54,973 [INFO]   dim_product_subcategory: 37 rows extracted
2026-04-14 15:38:55,029 [INFO]   dim_product: 395 rows extracted
2026-04-14 15:38:55,163 [INFO]   dim_customer: 18,484 rows extracted
2026-04-14 15:38:56,480 [INFO]   fact_internet_sales: 60,398 rows extracted
2026-04-14 15:39:01,313 [INFO]   fact_product_inventory: 776,286 rows extracted
2026-04-14 15:39:19,871 [INFO] 
EXTRACT SUMMARY:
2026-04-14 15:39:19,872 [INFO]   dim_date: 3,652 rows
2026-04-14 15:39:19,872 [INFO]   dim_geography: 655 rows
2026-04-14 15:39:19,873 [INFO]   dim_sales_territory: 11 rows
2026-04-14 15:39:19,873 [INFO]   dim_product_category: 4 rows
2026-04-14 15:39:19,873 [INFO]   dim_product_subcategory: 37 rows
2026-04-14 15:39:19,874 [INFO]   dim_product: 395 rows
2026-04-14 15:39:19,874 [INFO]   dim_customer: 18,484 rows
2026-04-14 15:39:19,874 [INFO]   fact_internet_sales: 60,398 rows
2026-04-14 15:39:19,875 [INFO]   fact_product_inventory: 776,286 rows
2026-04-14 15:39:19,875 [INFO]   TOTAL: 859,922 rows
2026-04-14 15:39:19,875 [INFO] Extract completed in 25.3s
2026-04-14 15:39:19,876 [INFO] 
[STEP 2] TRANSFORM
2026-04-14 15:39:19,879 [INFO] ============================================================
2026-04-14 15:39:19,880 [INFO] TRANSFORM PHASE -- Full data cleaning on all tables
2026-04-14 15:39:19,880 [INFO] ============================================================
2026-04-14 15:39:19,880 [INFO] Transforming dim_date...
2026-04-14 15:39:19,928 [INFO]   dim_date: 3,652 rows  (removed 0 total)
2026-04-14 15:39:19,929 [INFO] Transforming dim_geography...
2026-04-14 15:39:19,938 [INFO]   dim_geography: 655 rows  (removed 0 total)
2026-04-14 15:39:19,939 [INFO] Transforming dim_sales_territory...
2026-04-14 15:39:19,944 [INFO]   dim_sales_territory: 11 rows  (removed 0 total)
2026-04-14 15:39:19,944 [INFO] Transforming dim_therapeutic_class...
2026-04-14 15:39:19,955 [INFO]   dim_therapeutic_class: 37 rows  (removed 0 total)
2026-04-14 15:39:19,956 [INFO] Transforming dim_drug...
2026-04-14 15:39:19,994 [INFO]   dim_drug: 395 rows  (from 395, removed 0)
2026-04-14 15:39:19,995 [INFO] Transforming dim_customer...
2026-04-14 15:39:21,121 [INFO]   dim_customer: 18,484 rows  (from 18,484, removed 0)
2026-04-14 15:39:21,124 [INFO] Transforming fact_drug_sales...
2026-04-14 15:39:29,816 [INFO]   fact_drug_sales: 60,398 rows  (from 60,398, removed 0)
2026-04-14 15:39:29,867 [INFO] Transforming fact_inventory...
